<?xml version="1.0" encoding="UTF-8"?>
<!-- Generated by org.testng.reporters.JUnitXMLReporter -->
<testsuite hostname="Charu" ignored="0" name="Test" tests="2" failures="1" timestamp="2020-07-23T20:22:30 IST" time="43.326" errors="0">
  <testcase name="homeSearch" time="18.184" classname="com.vmx.home.Home"/>
  <testcase name="result" time="0.029" classname="com.vmx.resultPage.Result">
    <failure type="java.lang.AssertionError" message="ResultPage expected [Online Booking System] but found [TRV2GO]">
      <![CDATA[java.lang.AssertionError: ResultPage expected [Online Booking System] but found [TRV2GO]
at com.vmx.genericFile.WebDriverCommonLib.verify(WebDriverCommonLib.java:26)
at com.vmx.resultPage.Result.result(Result.java:20)
at java.util.ArrayList.forEach(ArrayList.java:1257)
... Removed 31 stack frames]]>
    </failure>
  </testcase> <!-- result -->
</testsuite> <!-- Test -->
